<?xml version="1.0" encoding="UTF-8"?>
<!-- Generated by org.testng.reporters.JUnitReportReporter -->
<testsuite hostname="CBT-020" name="delta.main.DeltaDriver" tests="2" failures="0" timestamp="10 Sep 2016 14:07:12 GMT" time="86.242" errors="0">
  <testcase name="testScenarios" time="37.117" classname="delta.main.DeltaDriver"/>
  <testcase name="testScenarios" time="49.125" classname="delta.main.DeltaDriver"/>
</testsuite> <!-- delta.main.DeltaDriver -->
